F:\1. Programare orientata obiect\Laborator\Rezolvari\Lab 10-11\x64\Debug\\Qt6Cored.dll
F:\1. Programare orientata obiect\Laborator\Rezolvari\Lab 10-11\x64\Debug\\Qt6Guid.dll
F:\1. Programare orientata obiect\Laborator\Rezolvari\Lab 10-11\x64\Debug\\Qt6Svgd.dll
F:\1. Programare orientata obiect\Laborator\Rezolvari\Lab 10-11\x64\Debug\\Qt6Widgetsd.dll
F:\1. Programare orientata obiect\Laborator\Rezolvari\Lab 10-11\x64\Debug\\opengl32sw.dll
F:\1. Programare orientata obiect\Laborator\Rezolvari\Lab 10-11\x64\Debug\\D3Dcompiler_47.dll
F:\1. Programare orientata obiect\Laborator\Rezolvari\Lab 10-11\x64\Debug\iconengines\qsvgicond.dll
F:\1. Programare orientata obiect\Laborator\Rezolvari\Lab 10-11\x64\Debug\imageformats\qgifd.dll
F:\1. Programare orientata obiect\Laborator\Rezolvari\Lab 10-11\x64\Debug\imageformats\qicod.dll
F:\1. Programare orientata obiect\Laborator\Rezolvari\Lab 10-11\x64\Debug\imageformats\qjpegd.dll
F:\1. Programare orientata obiect\Laborator\Rezolvari\Lab 10-11\x64\Debug\imageformats\qsvgd.dll
F:\1. Programare orientata obiect\Laborator\Rezolvari\Lab 10-11\x64\Debug\platforms\qwindowsd.dll
F:\1. Programare orientata obiect\Laborator\Rezolvari\Lab 10-11\x64\Debug\styles\qwindowsvistastyled.dll
F:\1. Programare orientata obiect\Laborator\Rezolvari\Lab 10-11\x64\Debug\translations\qt_ar.qm
F:\1. Programare orientata obiect\Laborator\Rezolvari\Lab 10-11\x64\Debug\translations\qtbase_ar.qm
F:\1. Programare orientata obiect\Laborator\Rezolvari\Lab 10-11\x64\Debug\translations\qt_bg.qm
F:\1. Programare orientata obiect\Laborator\Rezolvari\Lab 10-11\x64\Debug\translations\qtbase_bg.qm
F:\1. Programare orientata obiect\Laborator\Rezolvari\Lab 10-11\x64\Debug\translations\qt_ca.qm
F:\1. Programare orientata obiect\Laborator\Rezolvari\Lab 10-11\x64\Debug\translations\qtbase_ca.qm
F:\1. Programare orientata obiect\Laborator\Rezolvari\Lab 10-11\x64\Debug\translations\qt_cs.qm
F:\1. Programare orientata obiect\Laborator\Rezolvari\Lab 10-11\x64\Debug\translations\qtbase_cs.qm
F:\1. Programare orientata obiect\Laborator\Rezolvari\Lab 10-11\x64\Debug\translations\qt_da.qm
F:\1. Programare orientata obiect\Laborator\Rezolvari\Lab 10-11\x64\Debug\translations\qtbase_da.qm
F:\1. Programare orientata obiect\Laborator\Rezolvari\Lab 10-11\x64\Debug\translations\qt_de.qm
F:\1. Programare orientata obiect\Laborator\Rezolvari\Lab 10-11\x64\Debug\translations\qtbase_de.qm
F:\1. Programare orientata obiect\Laborator\Rezolvari\Lab 10-11\x64\Debug\translations\qt_en.qm
F:\1. Programare orientata obiect\Laborator\Rezolvari\Lab 10-11\x64\Debug\translations\qtbase_en.qm
F:\1. Programare orientata obiect\Laborator\Rezolvari\Lab 10-11\x64\Debug\translations\qt_es.qm
F:\1. Programare orientata obiect\Laborator\Rezolvari\Lab 10-11\x64\Debug\translations\qtbase_es.qm
F:\1. Programare orientata obiect\Laborator\Rezolvari\Lab 10-11\x64\Debug\translations\qt_fa.qm
F:\1. Programare orientata obiect\Laborator\Rezolvari\Lab 10-11\x64\Debug\translations\qtbase_fa.qm
F:\1. Programare orientata obiect\Laborator\Rezolvari\Lab 10-11\x64\Debug\translations\qt_fi.qm
F:\1. Programare orientata obiect\Laborator\Rezolvari\Lab 10-11\x64\Debug\translations\qtbase_fi.qm
F:\1. Programare orientata obiect\Laborator\Rezolvari\Lab 10-11\x64\Debug\translations\qt_fr.qm
F:\1. Programare orientata obiect\Laborator\Rezolvari\Lab 10-11\x64\Debug\translations\qtbase_fr.qm
F:\1. Programare orientata obiect\Laborator\Rezolvari\Lab 10-11\x64\Debug\translations\qt_gd.qm
F:\1. Programare orientata obiect\Laborator\Rezolvari\Lab 10-11\x64\Debug\translations\qtbase_gd.qm
F:\1. Programare orientata obiect\Laborator\Rezolvari\Lab 10-11\x64\Debug\translations\qt_he.qm
F:\1. Programare orientata obiect\Laborator\Rezolvari\Lab 10-11\x64\Debug\translations\qtbase_he.qm
F:\1. Programare orientata obiect\Laborator\Rezolvari\Lab 10-11\x64\Debug\translations\qt_hr.qm
F:\1. Programare orientata obiect\Laborator\Rezolvari\Lab 10-11\x64\Debug\translations\qtbase_hr.qm
F:\1. Programare orientata obiect\Laborator\Rezolvari\Lab 10-11\x64\Debug\translations\qt_hu.qm
F:\1. Programare orientata obiect\Laborator\Rezolvari\Lab 10-11\x64\Debug\translations\qtbase_hu.qm
F:\1. Programare orientata obiect\Laborator\Rezolvari\Lab 10-11\x64\Debug\translations\qt_it.qm
F:\1. Programare orientata obiect\Laborator\Rezolvari\Lab 10-11\x64\Debug\translations\qtbase_it.qm
F:\1. Programare orientata obiect\Laborator\Rezolvari\Lab 10-11\x64\Debug\translations\qt_ja.qm
F:\1. Programare orientata obiect\Laborator\Rezolvari\Lab 10-11\x64\Debug\translations\qtbase_ja.qm
F:\1. Programare orientata obiect\Laborator\Rezolvari\Lab 10-11\x64\Debug\translations\qt_ko.qm
F:\1. Programare orientata obiect\Laborator\Rezolvari\Lab 10-11\x64\Debug\translations\qtbase_ko.qm
F:\1. Programare orientata obiect\Laborator\Rezolvari\Lab 10-11\x64\Debug\translations\qt_lv.qm
F:\1. Programare orientata obiect\Laborator\Rezolvari\Lab 10-11\x64\Debug\translations\qtbase_lv.qm
F:\1. Programare orientata obiect\Laborator\Rezolvari\Lab 10-11\x64\Debug\translations\qt_nl.qm
F:\1. Programare orientata obiect\Laborator\Rezolvari\Lab 10-11\x64\Debug\translations\qtbase_nl.qm
F:\1. Programare orientata obiect\Laborator\Rezolvari\Lab 10-11\x64\Debug\translations\qt_nn.qm
F:\1. Programare orientata obiect\Laborator\Rezolvari\Lab 10-11\x64\Debug\translations\qtbase_nn.qm
F:\1. Programare orientata obiect\Laborator\Rezolvari\Lab 10-11\x64\Debug\translations\qt_pl.qm
F:\1. Programare orientata obiect\Laborator\Rezolvari\Lab 10-11\x64\Debug\translations\qtbase_pl.qm
F:\1. Programare orientata obiect\Laborator\Rezolvari\Lab 10-11\x64\Debug\translations\qt_pt_BR.qm
F:\1. Programare orientata obiect\Laborator\Rezolvari\Lab 10-11\x64\Debug\translations\qtbase_pt_BR.qm
F:\1. Programare orientata obiect\Laborator\Rezolvari\Lab 10-11\x64\Debug\translations\qt_ru.qm
F:\1. Programare orientata obiect\Laborator\Rezolvari\Lab 10-11\x64\Debug\translations\qtbase_ru.qm
F:\1. Programare orientata obiect\Laborator\Rezolvari\Lab 10-11\x64\Debug\translations\qt_sk.qm
F:\1. Programare orientata obiect\Laborator\Rezolvari\Lab 10-11\x64\Debug\translations\qtbase_sk.qm
F:\1. Programare orientata obiect\Laborator\Rezolvari\Lab 10-11\x64\Debug\translations\qt_tr.qm
F:\1. Programare orientata obiect\Laborator\Rezolvari\Lab 10-11\x64\Debug\translations\qtbase_tr.qm
F:\1. Programare orientata obiect\Laborator\Rezolvari\Lab 10-11\x64\Debug\translations\qt_uk.qm
F:\1. Programare orientata obiect\Laborator\Rezolvari\Lab 10-11\x64\Debug\translations\qtbase_uk.qm
F:\1. Programare orientata obiect\Laborator\Rezolvari\Lab 10-11\x64\Debug\translations\qt_zh_CN.qm
F:\1. Programare orientata obiect\Laborator\Rezolvari\Lab 10-11\x64\Debug\translations\qtbase_zh_CN.qm
F:\1. Programare orientata obiect\Laborator\Rezolvari\Lab 10-11\x64\Debug\translations\qt_zh_TW.qm
F:\1. Programare orientata obiect\Laborator\Rezolvari\Lab 10-11\x64\Debug\translations\qtbase_zh_TW.qm
